<?xml version="1.0" encoding="UTF-8"?>
<!-- Generated by org.testng.reporters.JUnitXMLReporter -->
<testsuite ignored="3" hostname="DESKTOP-0U1PUKJ" failures="0" tests="0" time="1.465" errors="0" timestamp="2024-01-23T04:09:33 IST">
  <testcase classname="testCases.TC_002_LoginTest" name="test_Login" time="0.0">
    <ignored/>
  </testcase> <!-- test_Login -->
  <testcase classname="testCases.TC_006_AddToCartPageTest" name="test_addToCart" time="0.0">
    <ignored/>
  </testcase> <!-- test_addToCart -->
  <testcase classname="testCases.TC_005_SearchProductTest" name="test_pruductSearch" time="0.0">
    <ignored/>
  </testcase> <!-- test_pruductSearch -->
</testsuite>
