<?xml version="1.0" encoding="UTF-8"?>
<!-- Generated by org.testng.reporters.JUnitXMLReporter -->
<testsuite ignored="0" hostname="DESKTOP-0U1PUKJ" failures="0" tests="3" name="Test" time="118.733" errors="0" timestamp="2024-01-23T02:18:48 IST">
  <testcase classname="testCases.TC_002_LoginTest" name="test_Login" time="28.746"/>
  <testcase classname="testCases.TC_005_SearchProductTest" name="test_pruductSearch" time="11.878"/>
  <testcase classname="testCases.TC_006_AddToCartPageTest" name="test_addToCart" time="33.565"/>
</testsuite> <!-- Test -->
