<?xml version="1.0" encoding="UTF-8"?>
<testng-results ignored="0" total="3" passed="3" failed="0" skipped="0">
  <reporter-output>
  </reporter-output>
  <suite started-at="2024-01-23T04:20:06 IST" name="OpencartSuite" finished-at="2024-01-23T04:22:10 IST" duration-ms="124278">
    <groups>
      <group name="Sanity">
        <method signature="TC_002_LoginTest.test_Login()[pri:0, instance:testCases.TC_002_LoginTest@7ce69770]" name="test_Login" class="testCases.TC_002_LoginTest"/>
      </group> <!-- Sanity -->
      <group name="Regression">
        <method signature="TC_002_LoginTest.test_Login()[pri:0, instance:testCases.TC_002_LoginTest@7ce69770]" name="test_Login" class="testCases.TC_002_LoginTest"/>
      </group> <!-- Regression -->
    </groups>
    <test started-at="2024-01-23T04:20:06 IST" name="OpencartTest" finished-at="2024-01-23T04:22:10 IST" duration-ms="124278">
      <class name="testCases.TC_005_SearchProductTest">
        <test-method is-config="true" signature="setup(java.lang.String)[pri:0, instance:testCases.TC_005_SearchProductTest@231f98ef]" started-at="2024-01-23T04:20:56 IST" name="setup" finished-at="2024-01-23T04:21:11 IST" duration-ms="14905" status="PASS">
          <params>
            <param index="0">
              <value>
                <![CDATA[firefox]]>
              </value>
            </param>
          </params>
          <reporter-output>
          </reporter-output>
        </test-method> <!-- setup -->
        <test-method signature="test_pruductSearch()[pri:0, instance:testCases.TC_005_SearchProductTest@231f98ef]" started-at="2024-01-23T04:21:11 IST" name="test_pruductSearch" finished-at="2024-01-23T04:21:24 IST" duration-ms="12396" status="PASS">
          <reporter-output>
          </reporter-output>
        </test-method> <!-- test_pruductSearch -->
        <test-method is-config="true" signature="tearDown()[pri:0, instance:testCases.TC_005_SearchProductTest@231f98ef]" started-at="2024-01-23T04:21:24 IST" name="tearDown" finished-at="2024-01-23T04:21:24 IST" duration-ms="6" status="PASS">
          <reporter-output>
          </reporter-output>
        </test-method> <!-- tearDown -->
      </class> <!-- testCases.TC_005_SearchProductTest -->
      <class name="testCases.TC_006_AddToCartPageTest">
        <test-method is-config="true" signature="setup(java.lang.String)[pri:0, instance:testCases.TC_006_AddToCartPageTest@7c137fd5]" started-at="2024-01-23T04:21:24 IST" name="setup" finished-at="2024-01-23T04:21:38 IST" duration-ms="14155" status="PASS">
          <params>
            <param index="0">
              <value>
                <![CDATA[firefox]]>
              </value>
            </param>
          </params>
          <reporter-output>
          </reporter-output>
        </test-method> <!-- setup -->
        <test-method signature="test_addToCart()[pri:0, instance:testCases.TC_006_AddToCartPageTest@7c137fd5]" started-at="2024-01-23T04:21:38 IST" name="test_addToCart" finished-at="2024-01-23T04:22:10 IST" duration-ms="32169" status="PASS">
          <reporter-output>
          </reporter-output>
        </test-method> <!-- test_addToCart -->
        <test-method is-config="true" signature="tearDown()[pri:0, instance:testCases.TC_006_AddToCartPageTest@7c137fd5]" started-at="2024-01-23T04:22:10 IST" name="tearDown" finished-at="2024-01-23T04:22:10 IST" duration-ms="0" status="PASS">
          <reporter-output>
          </reporter-output>
        </test-method> <!-- tearDown -->
      </class> <!-- testCases.TC_006_AddToCartPageTest -->
      <class name="testCases.TC_002_LoginTest">
        <test-method is-config="true" signature="setup(java.lang.String)[pri:0, instance:testCases.TC_002_LoginTest@7ce69770]" started-at="2024-01-23T04:20:07 IST" name="setup" finished-at="2024-01-23T04:20:28 IST" duration-ms="20611" status="PASS">
          <params>
            <param index="0">
              <value>
                <![CDATA[firefox]]>
              </value>
            </param>
          </params>
          <reporter-output>
          </reporter-output>
        </test-method> <!-- setup -->
        <test-method signature="test_Login()[pri:0, instance:testCases.TC_002_LoginTest@7ce69770]" started-at="2024-01-23T04:20:28 IST" name="test_Login" finished-at="2024-01-23T04:20:56 IST" duration-ms="28645" status="PASS">
          <reporter-output>
          </reporter-output>
        </test-method> <!-- test_Login -->
        <test-method is-config="true" signature="tearDown()[pri:0, instance:testCases.TC_002_LoginTest@7ce69770]" started-at="2024-01-23T04:20:56 IST" name="tearDown" finished-at="2024-01-23T04:20:56 IST" duration-ms="2" status="PASS">
          <reporter-output>
          </reporter-output>
        </test-method> <!-- tearDown -->
      </class> <!-- testCases.TC_002_LoginTest -->
    </test> <!-- OpencartTest -->
  </suite> <!-- OpencartSuite -->
</testng-results>
