<?xml version="1.0" encoding="UTF-8"?>
<!-- Generated by org.testng.reporters.JUnitXMLReporter -->
<testsuite ignored="0" hostname="DESKTOP-0U1PUKJ" failures="0" tests="3" name="OpencartTest" time="124.278" errors="0" timestamp="2024-01-23T04:22:11 IST">
  <testcase classname="testCases.TC_002_LoginTest" name="test_Login" time="28.645"/>
  <testcase classname="testCases.TC_005_SearchProductTest" name="test_pruductSearch" time="12.396"/>
  <testcase classname="testCases.TC_006_AddToCartPageTest" name="test_addToCart" time="32.169"/>
</testsuite> <!-- OpencartTest -->
